<?xml version="1.0" encoding="UTF-8"?>
<!-- Generated by org.testng.reporters.JUnitReportReporter -->
<testsuite hostname="USMUMAANNALDAS2" name="multipleDataProviders.SearchFunctionality" tests="2" failures="0" timestamp="25 Dec 2016 09:19:28 GMT" time="0.000" errors="0">
  <testcase name="searchProduct" time="0.000" classname="multipleDataProviders.SearchFunctionality"/>
  <testcase name="searchProduct" time="0.000" classname="multipleDataProviders.SearchFunctionality"/>
</testsuite> <!-- multipleDataProviders.SearchFunctionality -->
