<?xml version="1.0" encoding="UTF-8"?>
<!-- Generated by org.testng.reporters.JUnitReportReporter -->
<testsuite hostname="LAPTOP-CEPNQT7N" name="multipleDataProviders.Login" tests="2" failures="0" timestamp="5 Mar 2017 16:15:29 GMT" time="0.007" errors="0">
  <testcase name="testLogin" time="0.006" classname="multipleDataProviders.Login"/>
  <testcase name="testLogin" time="0.001" classname="multipleDataProviders.Login"/>
</testsuite> <!-- multipleDataProviders.Login -->
